2025-08-03 09:46:18,504 - TTBT5 - INFO - Initializing TTBT5 Application
2025-08-03 09:46:18,504 - TTBT5 - INFO - Configuration loaded
2025-08-03 09:46:18,504 - TTBT5 - INFO - TTBT5 Application initialized successfully
2025-08-03 09:46:18,505 - TTBT5 - INFO - Initializing TTBT5 Application
2025-08-03 09:46:18,505 - TTBT5 - INFO - Configuration loaded
2025-08-03 09:46:18,505 - TTBT5 - INFO - TTBT5 Application initialized successfully
2025-08-03 09:46:18,505 - TTBT5 - INFO - Initializing TTBT5 Application
2025-08-03 09:46:18,505 - TTBT5 - INFO - Configuration loaded
2025-08-03 09:46:18,505 - TTBT5 - INFO - TTBT5 Application initialized successfully
2025-08-03 09:46:18,505 - TTBT5 - INFO - Initializing TTBT5 Application
2025-08-03 09:46:18,506 - TTBT5 - INFO - Configuration loaded
2025-08-03 09:46:18,506 - TTBT5 - INFO - TTBT5 Application initialized successfully
2025-08-03 09:47:54,113 - TTBT5 - INFO - Initializing TTBT5 Application
2025-08-03 09:47:54,113 - TTBT5 - INFO - Configuration loaded
2025-08-03 09:47:54,114 - TTBT5 - INFO - TTBT5 Application initialized successfully
2025-08-03 09:47:54,114 - TTBT5 - INFO - Executing command: info
2025-08-03 09:47:54,114 - TTBT5 - INFO - Command info executed successfully
2025-08-03 09:48:35,409 - TTBT5 - INFO - Initializing TTBT5 Application
2025-08-03 09:48:35,410 - TTBT5 - INFO - Configuration loaded
2025-08-03 09:48:35,410 - TTBT5 - INFO - TTBT5 Application initialized successfully
2025-08-03 09:48:35,410 - TTBT5 - INFO - Executing command: info
2025-08-03 09:48:35,410 - TTBT5 - INFO - Command info executed successfully
2025-08-03 09:48:54,304 - TTBT5 - INFO - Initializing TTBT5 Application
2025-08-03 09:48:54,304 - TTBT5 - INFO - Configuration loaded
2025-08-03 09:48:54,304 - TTBT5 - INFO - TTBT5 Application initialized successfully
2025-08-03 09:48:54,305 - TTBT5 - INFO - Initializing TTBT5 Application
2025-08-03 09:48:54,305 - TTBT5 - INFO - Configuration loaded
2025-08-03 09:48:54,305 - TTBT5 - INFO - TTBT5 Application initialized successfully
2025-08-03 09:48:54,305 - TTBT5 - INFO - Initializing TTBT5 Application
2025-08-03 09:48:54,305 - TTBT5 - INFO - Configuration loaded
2025-08-03 09:48:54,305 - TTBT5 - INFO - TTBT5 Application initialized successfully
2025-08-03 09:48:54,305 - TTBT5 - INFO - Initializing TTBT5 Application
2025-08-03 09:48:54,305 - TTBT5 - INFO - Configuration loaded
2025-08-03 09:48:54,306 - TTBT5 - INFO - TTBT5 Application initialized successfully
2025-08-03 09:49:16,856 - TTBT5 - INFO - Initializing TTBT5 Application
2025-08-03 09:49:16,856 - TTBT5 - INFO - Configuration loaded
2025-08-03 09:49:16,857 - TTBT5 - INFO - TTBT5 Application initialized successfully
2025-08-03 09:49:16,857 - TTBT5 - INFO - Initializing TTBT5 Application
2025-08-03 09:49:16,857 - TTBT5 - INFO - Configuration loaded
2025-08-03 09:49:16,857 - TTBT5 - INFO - TTBT5 Application initialized successfully
2025-08-03 09:49:16,857 - TTBT5 - INFO - Initializing TTBT5 Application
2025-08-03 09:49:16,857 - TTBT5 - INFO - Configuration loaded
2025-08-03 09:49:16,857 - TTBT5 - INFO - TTBT5 Application initialized successfully
2025-08-03 09:49:16,858 - TTBT5 - INFO - Initializing TTBT5 Application
2025-08-03 09:49:16,858 - TTBT5 - INFO - Configuration loaded
2025-08-03 09:49:16,858 - TTBT5 - INFO - TTBT5 Application initialized successfully
2025-08-03 09:49:41,659 - TTBT5 - INFO - Initializing TTBT5 Application
2025-08-03 09:49:41,659 - TTBT5 - INFO - Configuration loaded
2025-08-03 09:49:41,659 - TTBT5 - INFO - TTBT5 Application initialized successfully
2025-08-03 09:49:41,659 - TTBT5 - INFO - Initializing TTBT5 Application
2025-08-03 09:49:41,659 - TTBT5 - INFO - Configuration loaded
2025-08-03 09:49:41,660 - TTBT5 - INFO - TTBT5 Application initialized successfully
2025-08-03 09:49:41,660 - TTBT5 - INFO - Initializing TTBT5 Application
2025-08-03 09:49:41,660 - TTBT5 - INFO - Configuration loaded
2025-08-03 09:49:41,660 - TTBT5 - INFO - TTBT5 Application initialized successfully
2025-08-03 09:49:41,660 - TTBT5 - INFO - Initializing TTBT5 Application
2025-08-03 09:49:41,660 - TTBT5 - INFO - Configuration loaded
2025-08-03 09:49:41,660 - TTBT5 - INFO - TTBT5 Application initialized successfully
